Using pre-set license
Built from '2021.3/staging' branch; Version is '2021.3.20f1 (577897200b8b) revision 5732503'; Using compiler version '192829333'; Build Type 'Release'
OS: 'Windows 10  (10.0.19044) 64bit Professional' Language: 'ru' Physical Memory: 16253 MB
BatchMode: 1, IsHumanControllingUs: 0, StartBugReporterOnCrash: 0, Is64bit: 1, IsPro: 1

COMMAND LINE ARGUMENTS:
C:\Program Files\Unity\Hub\Editor\2021.3.20f1\Editor\Unity.exe
-adb2
-batchMode
-noUpm
-name
AssetImportWorker2
-projectPath
C:/Users/Admin/Tower Defense
-logFile
Logs/AssetImportWorker2.log
-srvPort
64804
Successfully changed project path to: C:/Users/Admin/Tower Defense
C:/Users/Admin/Tower Defense
[UnityMemory] Configuration Parameters - Can be set up in boot.config
    "memorysetup-bucket-allocator-granularity=16"
    "memorysetup-bucket-allocator-bucket-count=8"
    "memorysetup-bucket-allocator-block-size=33554432"
    "memorysetup-bucket-allocator-block-count=8"
    "memorysetup-main-allocator-block-size=16777216"
    "memorysetup-thread-allocator-block-size=16777216"
    "memorysetup-gfx-main-allocator-block-size=16777216"
    "memorysetup-gfx-thread-allocator-block-size=16777216"
    "memorysetup-cache-allocator-block-size=4194304"
    "memorysetup-typetree-allocator-block-size=2097152"
    "memorysetup-profiler-bucket-allocator-granularity=16"
    "memorysetup-profiler-bucket-allocator-bucket-count=8"
    "memorysetup-profiler-bucket-allocator-block-size=33554432"
    "memorysetup-profiler-bucket-allocator-block-count=8"
    "memorysetup-profiler-allocator-block-size=16777216"
    "memorysetup-profiler-editor-allocator-block-size=1048576"
    "memorysetup-temp-allocator-size-main=16777216"
    "memorysetup-job-temp-allocator-block-size=2097152"
    "memorysetup-job-temp-allocator-block-size-background=1048576"
    "memorysetup-job-temp-allocator-reduction-small-platforms=262144"
    "memorysetup-temp-allocator-size-background-worker=32768"
    "memorysetup-temp-allocator-size-job-worker=262144"
    "memorysetup-temp-allocator-size-preload-manager=33554432"
    "memorysetup-temp-allocator-size-nav-mesh-worker=65536"
    "memorysetup-temp-allocator-size-audio-worker=65536"
    "memorysetup-temp-allocator-size-cloud-worker=32768"
    "memorysetup-temp-allocator-size-gi-baking-worker=262144"
    "memorysetup-temp-allocator-size-gfx=262144"
Player connection [10056] Host "[IP] 192.168.0.5 [Port] 0 [Flags] 2 [Guid] 606100658 [EditorId] 606100658 [Version] 1048832 [Id] WindowsEditor(7,DESKTOP-UCIM24M) [Debug] 1 [PackageName] WindowsEditor [ProjectName] Editor" joined multi-casting on [225.0.0.222:54997]...

Player connection [10056] Host "[IP] 192.168.0.5 [Port] 0 [Flags] 2 [Guid] 606100658 [EditorId] 606100658 [Version] 1048832 [Id] WindowsEditor(7,DESKTOP-UCIM24M) [Debug] 1 [PackageName] WindowsEditor [ProjectName] Editor" joined alternative multi-casting on [225.0.0.222:34997]...

Refreshing native plugins compatible for Editor in 85.32 ms, found 3 plugins.
Preloading 0 native plugins for Editor in 0.00 ms.
Initialize engine version: 2021.3.20f1 (577897200b8b)
[Subsystems] Discovering subsystems at path C:/Program Files/Unity/Hub/Editor/2021.3.20f1/Editor/Data/Resources/UnitySubsystems
[Subsystems] Discovering subsystems at path C:/Users/Admin/Tower Defense/Assets
GfxDevice: creating device client; threaded=0; jobified=0
Direct3D:
    Version:  Direct3D 11.0 [level 11.1]
    Renderer: NVIDIA GeForce GTX 970 (ID=0x13c2)
    Vendor:   NVIDIA
    VRAM:     4043 MB
    Driver:   31.0.15.1694
Initialize mono
Mono path[0] = 'C:/Program Files/Unity/Hub/Editor/2021.3.20f1/Editor/Data/Managed'
Mono path[1] = 'C:/Program Files/Unity/Hub/Editor/2021.3.20f1/Editor/Data/MonoBleedingEdge/lib/mono/unityjit-win32'
Mono config path = 'C:/Program Files/Unity/Hub/Editor/2021.3.20f1/Editor/Data/MonoBleedingEdge/etc'
Using monoOptions --debugger-agent=transport=dt_socket,embedding=1,server=y,suspend=n,address=127.0.0.1:56532
Begin MonoManager ReloadAssembly
Registering precompiled unity dll's ...
Register platform support module: C:/Program Files/Unity/Hub/Editor/2021.3.20f1/Editor/Data/PlaybackEngines/WebGLSupport/UnityEditor.WebGL.Extensions.dll
Register platform support module: C:/Program Files/Unity/Hub/Editor/2021.3.20f1/Editor/Data/PlaybackEngines/WindowsStandaloneSupport/UnityEditor.WindowsStandalone.Extensions.dll
Registered in 0.008151 seconds.
Native extension for WindowsStandalone target not found
Native extension for WebGL target not found
Refreshing native plugins compatible for Editor in 83.16 ms, found 3 plugins.
Preloading 0 native plugins for Editor in 0.00 ms.
Mono: successfully reloaded assembly
- Completed reload, in  0.960 seconds
Domain Reload Profiling:
	ReloadAssembly (960ms)
		BeginReloadAssembly (93ms)
			ExecutionOrderSort (0ms)
			DisableScriptedObjects (0ms)
			BackupInstance (0ms)
			ReleaseScriptingObjects (0ms)
			CreateAndSetChildDomain (1ms)
		EndReloadAssembly (628ms)
			LoadAssemblies (91ms)
			RebuildTransferFunctionScriptingTraits (0ms)
			SetupTypeCache (268ms)
			ReleaseScriptCaches (0ms)
			RebuildScriptCaches (33ms)
			SetupLoadedEditorAssemblies (276ms)
				LogAssemblyErrors (0ms)
				InitializePlatformSupportModulesInManaged (9ms)
				SetLoadedEditorAssemblies (0ms)
				RefreshPlugins (83ms)
				BeforeProcessingInitializeOnLoad (1ms)
				ProcessInitializeOnLoadAttributes (124ms)
				ProcessInitializeOnLoadMethodAttributes (58ms)
				AfterProcessingInitializeOnLoad (0ms)
				EditorAssembliesLoaded (0ms)
			ExecutionOrderSort2 (0ms)
			AwakeInstancesAfterBackupRestoration (0ms)
Platform modules already initialized, skipping
Registering precompiled user dll's ...
Registered in 0.006009 seconds.
Begin MonoManager ReloadAssembly
Symbol file LoadedFromMemory doesn't match image C:\Users\Admin\Tower Defense\Library\PackageCache\com.unity.visualscripting@1.8.0\Editor\VisualScripting.Core\Dependencies\YamlDotNet\Unity.VisualScripting.YamlDotNet.dll
Symbol file LoadedFromMemory doesn't match image C:\Users\Admin\Tower Defense\Library\PackageCache\com.unity.visualscripting@1.8.0\Editor\VisualScripting.Core\Dependencies\DotNetZip\Unity.VisualScripting.IonicZip.dll
Native extension for WindowsStandalone target not found
Native extension for WebGL target not found
Refreshing native plugins compatible for Editor in 0.55 ms, found 3 plugins.
Preloading 0 native plugins for Editor in 0.00 ms.
Mono: successfully reloaded assembly
- Completed reload, in  1.265 seconds
Domain Reload Profiling:
	ReloadAssembly (1265ms)
		BeginReloadAssembly (130ms)
			ExecutionOrderSort (0ms)
			DisableScriptedObjects (9ms)
			BackupInstance (0ms)
			ReleaseScriptingObjects (0ms)
			CreateAndSetChildDomain (18ms)
		EndReloadAssembly (1023ms)
			LoadAssemblies (100ms)
			RebuildTransferFunctionScriptingTraits (0ms)
			SetupTypeCache (421ms)
			ReleaseScriptCaches (1ms)
			RebuildScriptCaches (58ms)
			SetupLoadedEditorAssemblies (405ms)
				LogAssemblyErrors (0ms)
				InitializePlatformSupportModulesInManaged (10ms)
				SetLoadedEditorAssemblies (1ms)
				RefreshPlugins (1ms)
				BeforeProcessingInitializeOnLoad (103ms)
				ProcessInitializeOnLoadAttributes (264ms)
				ProcessInitializeOnLoadMethodAttributes (19ms)
				AfterProcessingInitializeOnLoad (7ms)
				EditorAssembliesLoaded (0ms)
			ExecutionOrderSort2 (0ms)
			AwakeInstancesAfterBackupRestoration (5ms)
Platform modules already initialized, skipping
========================================================================
Worker process is ready to serve import requests
Launched and connected shader compiler UnityShaderCompiler.exe after 0.06 seconds
Refreshing native plugins compatible for Editor in 0.46 ms, found 3 plugins.
Preloading 0 native plugins for Editor in 0.00 ms.
Unloading 3265 Unused Serialized files (Serialized files now loaded: 0)
Unloading 35 unused Assets / (1.3 MB). Loaded Objects now: 3756.
Memory consumption went from 213.1 MB to 211.8 MB.
Total: 2.802000 ms (FindLiveObjects: 0.268700 ms CreateObjectMapping: 0.295200 ms MarkObjects: 1.980800 ms  DeleteObjects: 0.256600 ms)

AssetImportParameters requested are different than current active one (requested -> active):
  custom:video-decoder-ogg-theora: a1e56fd34408186e4bbccfd4996cb3dc -> 
  custom:container-muxer-webm: aa71ff27fc2769a1b78a27578f13a17b -> 
  custom:container-demuxer-webm: 4f35f7cbe854078d1ac9338744f61a02 -> 
  custom:video-encoder-webm-vp8: eb34c28f22e8b96e1ab97ce403110664 -> 
  custom:audio-encoder-webm-vorbis: bf7c407c2cedff20999df2af8eb42d56 -> 
  custom:framework-win-MediaFoundation: 216162199b28c13a410421893ffa2e32 -> 
  custom:container-demuxer-ogg: 62fdf1f143b41e24485cea50d1cbac27 -> 
  custom:video-decoder-webm-vp8: 9c59270c3fd7afecdb556c50c9e8de78 -> 
  custom:audio-decoder-ogg-vorbis: bf7c407c2cedff20999df2af8eb42d56 -> 
========================================================================
Received Import Request.
  Time since last request: 151920.593167 seconds.
  path: Assets/Prefabs/Turrets/cannon_turret_blueprint.prefab
  artifactKey: Guid(836315bbfab7c3e46abb211a7d2c7359) Importer(815301076,1909f56bfc062723c751e8b465ee728b)
Start importing Assets/Prefabs/Turrets/cannon_turret_blueprint.prefab using Guid(836315bbfab7c3e46abb211a7d2c7359) Importer(815301076,1909f56bfc062723c751e8b465ee728b)  -> (artifact id: '2eee3ab407cb9703be42a9959563e7b6') in 0.140367 seconds 
========================================================================
Received Import Request.
  Time since last request: 109.272600 seconds.
  path: Assets/Models/Guns/railgun_turret_detached_ver.fbx
  artifactKey: Guid(5098c684cddb3aa48ab7ade787886ab9) Importer(815301076,1909f56bfc062723c751e8b465ee728b)
Start importing Assets/Models/Guns/railgun_turret_detached_ver.fbx using Guid(5098c684cddb3aa48ab7ade787886ab9) Importer(815301076,1909f56bfc062723c751e8b465ee728b)  -> (artifact id: 'cdb0d308904723c9640c9ee98841d3e8') in 0.089610 seconds 
========================================================================
Received Import Request.
  Time since last request: 868.675124 seconds.
  path: Assets/Materials/Emmision_white.mat
  artifactKey: Guid(07180ce37ba0021438c7ec991fb3df0b) Importer(815301076,1909f56bfc062723c751e8b465ee728b)
Start importing Assets/Materials/Emmision_white.mat using Guid(07180ce37ba0021438c7ec991fb3df0b) Importer(815301076,1909f56bfc062723c751e8b465ee728b)  -> (artifact id: '17c2587e4e2ffe065d4f7466ae54cd3f') in 0.043422 seconds 
========================================================================
Received Import Request.
  Time since last request: 595.842996 seconds.
  path: Assets/Prefabs/Bullets/shell_75mm.prefab
  artifactKey: Guid(72caa690963bf5c48b3389a4bba5f5e4) Importer(815301076,1909f56bfc062723c751e8b465ee728b)
Start importing Assets/Prefabs/Bullets/shell_75mm.prefab using Guid(72caa690963bf5c48b3389a4bba5f5e4) Importer(815301076,1909f56bfc062723c751e8b465ee728b)  -> (artifact id: 'aa84b9a15e2c79a23a114492f88c22e6') in 0.020902 seconds 
========================================================================
Received Prepare
Registering precompiled user dll's ...
Registered in 0.004863 seconds.
Begin MonoManager ReloadAssembly
Symbol file LoadedFromMemory doesn't match image C:\Users\Admin\Tower Defense\Library\PackageCache\com.unity.visualscripting@1.8.0\Editor\VisualScripting.Core\Dependencies\YamlDotNet\Unity.VisualScripting.YamlDotNet.dll
Symbol file LoadedFromMemory doesn't match image C:\Users\Admin\Tower Defense\Library\PackageCache\com.unity.visualscripting@1.8.0\Editor\VisualScripting.Core\Dependencies\DotNetZip\Unity.VisualScripting.IonicZip.dll
Native extension for WindowsStandalone target not found
Native extension for WebGL target not found
Refreshing native plugins compatible for Editor in 0.55 ms, found 3 plugins.
Preloading 0 native plugins for Editor in 0.00 ms.
Mono: successfully reloaded assembly
- Completed reload, in  1.155 seconds
Domain Reload Profiling:
	ReloadAssembly (1156ms)
		BeginReloadAssembly (170ms)
			ExecutionOrderSort (0ms)
			DisableScriptedObjects (6ms)
			BackupInstance (0ms)
			ReleaseScriptingObjects (0ms)
			CreateAndSetChildDomain (49ms)
		EndReloadAssembly (876ms)
			LoadAssemblies (105ms)
			RebuildTransferFunctionScriptingTraits (0ms)
			SetupTypeCache (320ms)
			ReleaseScriptCaches (1ms)
			RebuildScriptCaches (49ms)
			SetupLoadedEditorAssemblies (359ms)
				LogAssemblyErrors (0ms)
				InitializePlatformSupportModulesInManaged (9ms)
				SetLoadedEditorAssemblies (1ms)
				RefreshPlugins (1ms)
				BeforeProcessingInitializeOnLoad (78ms)
				ProcessInitializeOnLoadAttributes (240ms)
				ProcessInitializeOnLoadMethodAttributes (22ms)
				AfterProcessingInitializeOnLoad (8ms)
				EditorAssembliesLoaded (0ms)
			ExecutionOrderSort2 (0ms)
			AwakeInstancesAfterBackupRestoration (7ms)
Platform modules already initialized, skipping
Refreshing native plugins compatible for Editor in 1.59 ms, found 3 plugins.
Preloading 0 native plugins for Editor in 0.00 ms.
Unloading 3230 Unused Serialized files (Serialized files now loaded: 0)
Unloading 29 unused Assets / (1.3 MB). Loaded Objects now: 3804.
Memory consumption went from 214.6 MB to 213.3 MB.
Total: 3.469700 ms (FindLiveObjects: 0.341600 ms CreateObjectMapping: 0.145800 ms MarkObjects: 2.690400 ms  DeleteObjects: 0.290400 ms)

AssetImportParameters requested are different than current active one (requested -> active):
  custom:video-decoder-ogg-theora: a1e56fd34408186e4bbccfd4996cb3dc -> 
  custom:container-muxer-webm: aa71ff27fc2769a1b78a27578f13a17b -> 
  custom:container-demuxer-webm: 4f35f7cbe854078d1ac9338744f61a02 -> 
  custom:video-encoder-webm-vp8: eb34c28f22e8b96e1ab97ce403110664 -> 
  custom:audio-encoder-webm-vorbis: bf7c407c2cedff20999df2af8eb42d56 -> 
  custom:framework-win-MediaFoundation: 216162199b28c13a410421893ffa2e32 -> 
  custom:container-demuxer-ogg: 62fdf1f143b41e24485cea50d1cbac27 -> 
  custom:video-decoder-webm-vp8: 9c59270c3fd7afecdb556c50c9e8de78 -> 
  custom:audio-decoder-ogg-vorbis: bf7c407c2cedff20999df2af8eb42d56 -> 
========================================================================
Received Import Request.
  Time since last request: 160.903233 seconds.
  path: Assets/Prefabs/Turrets/railgun_turret.prefab
  artifactKey: Guid(874b63be5a4ee3044aa285da57db3d85) Importer(815301076,1909f56bfc062723c751e8b465ee728b)
Start importing Assets/Prefabs/Turrets/railgun_turret.prefab using Guid(874b63be5a4ee3044aa285da57db3d85) Importer(815301076,1909f56bfc062723c751e8b465ee728b)  -> (artifact id: 'bec1c18bd63e652db6f93f806fb77673') in 0.094010 seconds 
========================================================================
Received Import Request.
  Time since last request: 20.313093 seconds.
  path: Assets/Prefabs/Turrets/railgun_turret_blueprint.prefab
  artifactKey: Guid(9f346afff0919f344b30e36ee4502615) Importer(815301076,1909f56bfc062723c751e8b465ee728b)
Start importing Assets/Prefabs/Turrets/railgun_turret_blueprint.prefab using Guid(9f346afff0919f344b30e36ee4502615) Importer(815301076,1909f56bfc062723c751e8b465ee728b)  -> (artifact id: '40146ed7e719da476ffc4ea803b485c1') in 0.035277 seconds 
========================================================================
Received Import Request.
  Time since last request: 1249.586268 seconds.
  path: Assets/Toon Shader FX/Shaders/ToonPass.cginc
  artifactKey: Guid(ad7de65cc18bc52409273b2779e0e444) Importer(815301076,1909f56bfc062723c751e8b465ee728b)
Start importing Assets/Toon Shader FX/Shaders/ToonPass.cginc using Guid(ad7de65cc18bc52409273b2779e0e444) Importer(815301076,1909f56bfc062723c751e8b465ee728b)  -> (artifact id: '3ee9a949288db02d138d71939057b08b') in 0.009026 seconds 
========================================================================
Received Import Request.
  Time since last request: 888.460892 seconds.
  path: Assets/UI/Imgs/railgun_img.png
  artifactKey: Guid(cffbc80c717e3244db26bd60cdefa815) Importer(815301076,1909f56bfc062723c751e8b465ee728b)
Start importing Assets/UI/Imgs/railgun_img.png using Guid(cffbc80c717e3244db26bd60cdefa815) Importer(815301076,1909f56bfc062723c751e8b465ee728b)  -> (artifact id: 'cca55f9f9eda1c8ad743c5c96f855dc1') in 0.034186 seconds 
========================================================================
Received Import Request.
  Time since last request: 182.017933 seconds.
  path: Assets/UI/Imgs/railgun_img.png
  artifactKey: Guid(cffbc80c717e3244db26bd60cdefa815) Importer(815301076,1909f56bfc062723c751e8b465ee728b)
Start importing Assets/UI/Imgs/railgun_img.png using Guid(cffbc80c717e3244db26bd60cdefa815) Importer(815301076,1909f56bfc062723c751e8b465ee728b)  -> (artifact id: '35ff2020eaa5fd9c6311ac33f6db33fc') in 0.022985 seconds 
========================================================================
Received Import Request.
  Time since last request: 28.258306 seconds.
  path: Assets/UI/Imgs/railgun_img.png
  artifactKey: Guid(cffbc80c717e3244db26bd60cdefa815) Importer(815301076,1909f56bfc062723c751e8b465ee728b)
Start importing Assets/UI/Imgs/railgun_img.png using Guid(cffbc80c717e3244db26bd60cdefa815) Importer(815301076,1909f56bfc062723c751e8b465ee728b)  -> (artifact id: '893301d6add63e47129654586d93a659') in 0.013653 seconds 
========================================================================
Received Import Request.
  Time since last request: 50.322791 seconds.
  path: Assets/UI/Imgs/railgun_img.png
  artifactKey: Guid(cffbc80c717e3244db26bd60cdefa815) Importer(815301076,1909f56bfc062723c751e8b465ee728b)
Start importing Assets/UI/Imgs/railgun_img.png using Guid(cffbc80c717e3244db26bd60cdefa815) Importer(815301076,1909f56bfc062723c751e8b465ee728b)  -> (artifact id: 'fe6b1788dccc32e9a9405cb82dc67d6c') in 0.011157 seconds 
========================================================================
Received Import Request.
  Time since last request: 130.260276 seconds.
  path: Assets/UI/PlayerGUI.uxml
  artifactKey: Guid(bfa1aedd39f8339439c0804f47e13baf) Importer(815301076,1909f56bfc062723c751e8b465ee728b)
Start importing Assets/UI/PlayerGUI.uxml using Guid(bfa1aedd39f8339439c0804f47e13baf) Importer(815301076,1909f56bfc062723c751e8b465ee728b)  -> (artifact id: '46ae6e24c4b0e81c3f23a2c4f088bc06') in 0.054118 seconds 
========================================================================
Received Prepare
Registering precompiled user dll's ...
Registered in 0.004371 seconds.
Begin MonoManager ReloadAssembly
Symbol file LoadedFromMemory doesn't match image C:\Users\Admin\Tower Defense\Library\PackageCache\com.unity.visualscripting@1.8.0\Editor\VisualScripting.Core\Dependencies\YamlDotNet\Unity.VisualScripting.YamlDotNet.dll
Symbol file LoadedFromMemory doesn't match image C:\Users\Admin\Tower Defense\Library\PackageCache\com.unity.visualscripting@1.8.0\Editor\VisualScripting.Core\Dependencies\DotNetZip\Unity.VisualScripting.IonicZip.dll
Native extension for WindowsStandalone target not found
Native extension for WebGL target not found
Refreshing native plugins compatible for Editor in 0.84 ms, found 3 plugins.
Preloading 0 native plugins for Editor in 0.00 ms.
Mono: successfully reloaded assembly
- Completed reload, in  1.259 seconds
Domain Reload Profiling:
	ReloadAssembly (1260ms)
		BeginReloadAssembly (197ms)
			ExecutionOrderSort (0ms)
			DisableScriptedObjects (7ms)
			BackupInstance (0ms)
			ReleaseScriptingObjects (0ms)
			CreateAndSetChildDomain (56ms)
		EndReloadAssembly (959ms)
			LoadAssemblies (118ms)
			RebuildTransferFunctionScriptingTraits (0ms)
			SetupTypeCache (356ms)
			ReleaseScriptCaches (2ms)
			RebuildScriptCaches (54ms)
			SetupLoadedEditorAssemblies (397ms)
				LogAssemblyErrors (0ms)
				InitializePlatformSupportModulesInManaged (9ms)
				SetLoadedEditorAssemblies (1ms)
				RefreshPlugins (1ms)
				BeforeProcessingInitializeOnLoad (84ms)
				ProcessInitializeOnLoadAttributes (270ms)
				ProcessInitializeOnLoadMethodAttributes (24ms)
				AfterProcessingInitializeOnLoad (8ms)
				EditorAssembliesLoaded (0ms)
			ExecutionOrderSort2 (0ms)
			AwakeInstancesAfterBackupRestoration (7ms)
Platform modules already initialized, skipping
Refreshing native plugins compatible for Editor in 1.85 ms, found 3 plugins.
Preloading 0 native plugins for Editor in 0.00 ms.
Unloading 3230 Unused Serialized files (Serialized files now loaded: 0)
Unloading 29 unused Assets / (1.3 MB). Loaded Objects now: 3812.
Memory consumption went from 214.8 MB to 213.5 MB.
Total: 2.907000 ms (FindLiveObjects: 0.228000 ms CreateObjectMapping: 0.144900 ms MarkObjects: 2.258200 ms  DeleteObjects: 0.274700 ms)

AssetImportParameters requested are different than current active one (requested -> active):
  custom:video-decoder-ogg-theora: a1e56fd34408186e4bbccfd4996cb3dc -> 
  custom:container-muxer-webm: aa71ff27fc2769a1b78a27578f13a17b -> 
  custom:container-demuxer-webm: 4f35f7cbe854078d1ac9338744f61a02 -> 
  custom:video-encoder-webm-vp8: eb34c28f22e8b96e1ab97ce403110664 -> 
  custom:audio-encoder-webm-vorbis: bf7c407c2cedff20999df2af8eb42d56 -> 
  custom:framework-win-MediaFoundation: 216162199b28c13a410421893ffa2e32 -> 
  custom:container-demuxer-ogg: 62fdf1f143b41e24485cea50d1cbac27 -> 
  custom:video-decoder-webm-vp8: 9c59270c3fd7afecdb556c50c9e8de78 -> 
  custom:audio-decoder-ogg-vorbis: bf7c407c2cedff20999df2af8eb42d56 -> 
========================================================================
Received Import Request.
  Time since last request: 149.526417 seconds.
  path: Assets/Prefabs/Turrets/railgun_turret_blueprint.prefab
  artifactKey: Guid(9f346afff0919f344b30e36ee4502615) Importer(815301076,1909f56bfc062723c751e8b465ee728b)
Start importing Assets/Prefabs/Turrets/railgun_turret_blueprint.prefab using Guid(9f346afff0919f344b30e36ee4502615) Importer(815301076,1909f56bfc062723c751e8b465ee728b)  -> (artifact id: '0d8222c3f574379046043f3d0926cd5b') in 0.100090 seconds 
========================================================================
Received Prepare
Registering precompiled user dll's ...
Registered in 0.004756 seconds.
Begin MonoManager ReloadAssembly
Symbol file LoadedFromMemory doesn't match image C:\Users\Admin\Tower Defense\Library\PackageCache\com.unity.visualscripting@1.8.0\Editor\VisualScripting.Core\Dependencies\YamlDotNet\Unity.VisualScripting.YamlDotNet.dll
Symbol file LoadedFromMemory doesn't match image C:\Users\Admin\Tower Defense\Library\PackageCache\com.unity.visualscripting@1.8.0\Editor\VisualScripting.Core\Dependencies\DotNetZip\Unity.VisualScripting.IonicZip.dll
Native extension for WindowsStandalone target not found
Native extension for WebGL target not found
Refreshing native plugins compatible for Editor in 0.51 ms, found 3 plugins.
Preloading 0 native plugins for Editor in 0.00 ms.
Mono: successfully reloaded assembly
- Completed reload, in  1.162 seconds
Domain Reload Profiling:
	ReloadAssembly (1163ms)
		BeginReloadAssembly (161ms)
			ExecutionOrderSort (0ms)
			DisableScriptedObjects (5ms)
			BackupInstance (0ms)
			ReleaseScriptingObjects (0ms)
			CreateAndSetChildDomain (41ms)
		EndReloadAssembly (903ms)
			LoadAssemblies (108ms)
			RebuildTransferFunctionScriptingTraits (0ms)
			SetupTypeCache (308ms)
			ReleaseScriptCaches (1ms)
			RebuildScriptCaches (55ms)
			SetupLoadedEditorAssemblies (388ms)
				LogAssemblyErrors (0ms)
				InitializePlatformSupportModulesInManaged (10ms)
				SetLoadedEditorAssemblies (0ms)
				RefreshPlugins (1ms)
				BeforeProcessingInitializeOnLoad (86ms)
				ProcessInitializeOnLoadAttributes (254ms)
				ProcessInitializeOnLoadMethodAttributes (27ms)
				AfterProcessingInitializeOnLoad (9ms)
				EditorAssembliesLoaded (0ms)
			ExecutionOrderSort2 (0ms)
			AwakeInstancesAfterBackupRestoration (8ms)
Platform modules already initialized, skipping
Refreshing native plugins compatible for Editor in 2.44 ms, found 3 plugins.
Preloading 0 native plugins for Editor in 0.00 ms.
Unloading 3230 Unused Serialized files (Serialized files now loaded: 0)
Unloading 29 unused Assets / (1.3 MB). Loaded Objects now: 3815.
Memory consumption went from 214.8 MB to 213.5 MB.
Total: 3.072300 ms (FindLiveObjects: 0.237200 ms CreateObjectMapping: 0.161400 ms MarkObjects: 2.416000 ms  DeleteObjects: 0.256100 ms)

AssetImportParameters requested are different than current active one (requested -> active):
  custom:video-decoder-ogg-theora: a1e56fd34408186e4bbccfd4996cb3dc -> 
  custom:container-muxer-webm: aa71ff27fc2769a1b78a27578f13a17b -> 
  custom:container-demuxer-webm: 4f35f7cbe854078d1ac9338744f61a02 -> 
  custom:video-encoder-webm-vp8: eb34c28f22e8b96e1ab97ce403110664 -> 
  custom:audio-encoder-webm-vorbis: bf7c407c2cedff20999df2af8eb42d56 -> 
  custom:framework-win-MediaFoundation: 216162199b28c13a410421893ffa2e32 -> 
  custom:container-demuxer-ogg: 62fdf1f143b41e24485cea50d1cbac27 -> 
  custom:video-decoder-webm-vp8: 9c59270c3fd7afecdb556c50c9e8de78 -> 
  custom:audio-decoder-ogg-vorbis: bf7c407c2cedff20999df2af8eb42d56 -> 
========================================================================
Received Import Request.
  Time since last request: 45.709305 seconds.
  path: Assets/Prefabs/Turrets/railgun_turret_blueprint.prefab
  artifactKey: Guid(9f346afff0919f344b30e36ee4502615) Importer(815301076,1909f56bfc062723c751e8b465ee728b)
Start importing Assets/Prefabs/Turrets/railgun_turret_blueprint.prefab using Guid(9f346afff0919f344b30e36ee4502615) Importer(815301076,1909f56bfc062723c751e8b465ee728b)  -> (artifact id: '9c667eff90e3816c4a3a076b3a97cb62') in 0.083510 seconds 
========================================================================
Received Import Request.
  Time since last request: 1.071792 seconds.
  path: Assets/Prefabs/Turrets/railgun_turret_blueprint.prefab
  artifactKey: Guid(9f346afff0919f344b30e36ee4502615) Importer(815301076,1909f56bfc062723c751e8b465ee728b)
Start importing Assets/Prefabs/Turrets/railgun_turret_blueprint.prefab using Guid(9f346afff0919f344b30e36ee4502615) Importer(815301076,1909f56bfc062723c751e8b465ee728b)  -> (artifact id: '3127200e67122aaec1440a0eeac8aee6') in 0.011501 seconds 
========================================================================
Received Prepare
Registering precompiled user dll's ...
Registered in 0.004987 seconds.
Begin MonoManager ReloadAssembly
Symbol file LoadedFromMemory doesn't match image C:\Users\Admin\Tower Defense\Library\PackageCache\com.unity.visualscripting@1.8.0\Editor\VisualScripting.Core\Dependencies\YamlDotNet\Unity.VisualScripting.YamlDotNet.dll
Symbol file LoadedFromMemory doesn't match image C:\Users\Admin\Tower Defense\Library\PackageCache\com.unity.visualscripting@1.8.0\Editor\VisualScripting.Core\Dependencies\DotNetZip\Unity.VisualScripting.IonicZip.dll
Native extension for WindowsStandalone target not found
Native extension for WebGL target not found
Refreshing native plugins compatible for Editor in 0.50 ms, found 3 plugins.
Preloading 0 native plugins for Editor in 0.00 ms.
Mono: successfully reloaded assembly
- Completed reload, in  1.125 seconds
Domain Reload Profiling:
	ReloadAssembly (1125ms)
		BeginReloadAssembly (164ms)
			ExecutionOrderSort (0ms)
			DisableScriptedObjects (6ms)
			BackupInstance (0ms)
			ReleaseScriptingObjects (0ms)
			CreateAndSetChildDomain (38ms)
		EndReloadAssembly (860ms)
			LoadAssemblies (107ms)
			RebuildTransferFunctionScriptingTraits (0ms)
			SetupTypeCache (292ms)
			ReleaseScriptCaches (1ms)
			RebuildScriptCaches (54ms)
			SetupLoadedEditorAssemblies (367ms)
				LogAssemblyErrors (0ms)
				InitializePlatformSupportModulesInManaged (9ms)
				SetLoadedEditorAssemblies (1ms)
				RefreshPlugins (1ms)
				BeforeProcessingInitializeOnLoad (82ms)
				ProcessInitializeOnLoadAttributes (242ms)
				ProcessInitializeOnLoadMethodAttributes (24ms)
				AfterProcessingInitializeOnLoad (8ms)
				EditorAssembliesLoaded (0ms)
			ExecutionOrderSort2 (0ms)
			AwakeInstancesAfterBackupRestoration (6ms)
Platform modules already initialized, skipping
Refreshing native plugins compatible for Editor in 2.79 ms, found 3 plugins.
Preloading 0 native plugins for Editor in 0.00 ms.
Unloading 3230 Unused Serialized files (Serialized files now loaded: 0)
Unloading 29 unused Assets / (1.3 MB). Loaded Objects now: 3818.
Memory consumption went from 214.8 MB to 213.5 MB.
Total: 3.406700 ms (FindLiveObjects: 0.243200 ms CreateObjectMapping: 0.251800 ms MarkObjects: 2.647300 ms  DeleteObjects: 0.263500 ms)

AssetImportParameters requested are different than current active one (requested -> active):
  custom:video-decoder-ogg-theora: a1e56fd34408186e4bbccfd4996cb3dc -> 
  custom:container-muxer-webm: aa71ff27fc2769a1b78a27578f13a17b -> 
  custom:container-demuxer-webm: 4f35f7cbe854078d1ac9338744f61a02 -> 
  custom:video-encoder-webm-vp8: eb34c28f22e8b96e1ab97ce403110664 -> 
  custom:audio-encoder-webm-vorbis: bf7c407c2cedff20999df2af8eb42d56 -> 
  custom:framework-win-MediaFoundation: 216162199b28c13a410421893ffa2e32 -> 
  custom:container-demuxer-ogg: 62fdf1f143b41e24485cea50d1cbac27 -> 
  custom:video-decoder-webm-vp8: 9c59270c3fd7afecdb556c50c9e8de78 -> 
  custom:audio-decoder-ogg-vorbis: bf7c407c2cedff20999df2af8eb42d56 -> 
========================================================================
Received Prepare
Registering precompiled user dll's ...
Registered in 0.014468 seconds.
Begin MonoManager ReloadAssembly
Symbol file LoadedFromMemory doesn't match image C:\Users\Admin\Tower Defense\Library\PackageCache\com.unity.visualscripting@1.8.0\Editor\VisualScripting.Core\Dependencies\YamlDotNet\Unity.VisualScripting.YamlDotNet.dll
Symbol file LoadedFromMemory doesn't match image C:\Users\Admin\Tower Defense\Library\PackageCache\com.unity.visualscripting@1.8.0\Editor\VisualScripting.Core\Dependencies\DotNetZip\Unity.VisualScripting.IonicZip.dll
Native extension for WindowsStandalone target not found
Native extension for WebGL target not found
Refreshing native plugins compatible for Editor in 97.36 ms, found 3 plugins.
Preloading 0 native plugins for Editor in 0.00 ms.
Mono: successfully reloaded assembly
- Completed reload, in  1.289 seconds
Domain Reload Profiling:
	ReloadAssembly (1290ms)
		BeginReloadAssembly (153ms)
			ExecutionOrderSort (0ms)
			DisableScriptedObjects (8ms)
			BackupInstance (0ms)
			ReleaseScriptingObjects (0ms)
			CreateAndSetChildDomain (31ms)
		EndReloadAssembly (1032ms)
			LoadAssemblies (107ms)
			RebuildTransferFunctionScriptingTraits (0ms)
			SetupTypeCache (349ms)
			ReleaseScriptCaches (1ms)
			RebuildScriptCaches (43ms)
			SetupLoadedEditorAssemblies (496ms)
				LogAssemblyErrors (0ms)
				InitializePlatformSupportModulesInManaged (6ms)
				SetLoadedEditorAssemblies (0ms)
				RefreshPlugins (97ms)
				BeforeProcessingInitializeOnLoad (74ms)
				ProcessInitializeOnLoadAttributes (242ms)
				ProcessInitializeOnLoadMethodAttributes (69ms)
				AfterProcessingInitializeOnLoad (7ms)
				EditorAssembliesLoaded (0ms)
			ExecutionOrderSort2 (0ms)
			AwakeInstancesAfterBackupRestoration (8ms)
Platform modules already initialized, skipping
Refreshing native plugins compatible for Editor in 2.76 ms, found 3 plugins.
Preloading 0 native plugins for Editor in 0.00 ms.
Unloading 4193 Unused Serialized files (Serialized files now loaded: 0)
Unloading 40 unused Assets / (2.0 MB). Loaded Objects now: 4773.
Memory consumption went from 245.5 MB to 243.5 MB.
Total: 2.988100 ms (FindLiveObjects: 0.304100 ms CreateObjectMapping: 0.221600 ms MarkObjects: 2.056500 ms  DeleteObjects: 0.405000 ms)

AssetImportParameters requested are different than current active one (requested -> active):
  custom:video-decoder-ogg-theora: a1e56fd34408186e4bbccfd4996cb3dc -> 
  custom:container-muxer-webm: aa71ff27fc2769a1b78a27578f13a17b -> 
  custom:container-demuxer-webm: 4f35f7cbe854078d1ac9338744f61a02 -> 
  custom:video-encoder-webm-vp8: eb34c28f22e8b96e1ab97ce403110664 -> 
  custom:audio-encoder-webm-vorbis: bf7c407c2cedff20999df2af8eb42d56 -> 
  custom:framework-win-MediaFoundation: 216162199b28c13a410421893ffa2e32 -> 
  custom:container-demuxer-ogg: 62fdf1f143b41e24485cea50d1cbac27 -> 
  custom:video-decoder-webm-vp8: 9c59270c3fd7afecdb556c50c9e8de78 -> 
  custom:audio-decoder-ogg-vorbis: bf7c407c2cedff20999df2af8eb42d56 -> 
========================================================================
Received Import Request.
  Time since last request: 505.932057 seconds.
  path: Assets/Shaders/New Shader Graph.shadergraph
  artifactKey: Guid(b35bdea8b18103b48942a2fdbb461a43) Importer(815301076,1909f56bfc062723c751e8b465ee728b)
Start importing Assets/Shaders/New Shader Graph.shadergraph using Guid(b35bdea8b18103b48942a2fdbb461a43) Importer(815301076,1909f56bfc062723c751e8b465ee728b)  -> (artifact id: '0d9d6b107368518756cd9ab9cd76a7cf') in 0.033023 seconds 
========================================================================
Received Import Request.
  Time since last request: 17.440630 seconds.
  path: Assets/Shaders/TrailShader.shadergraph
  artifactKey: Guid(9dbff5f094b26f641a40a324ba72751f) Importer(815301076,1909f56bfc062723c751e8b465ee728b)
Start importing Assets/Shaders/TrailShader.shadergraph using Guid(9dbff5f094b26f641a40a324ba72751f) Importer(815301076,1909f56bfc062723c751e8b465ee728b)  -> (artifact id: '3db0e3b1819ba16983af53e391d4a658') in 0.007615 seconds 
========================================================================
Received Import Request.
  Time since last request: 196.489939 seconds.
  path: Assets/Materials/Effects/New Material.mat
  artifactKey: Guid(0abd4f0b05589bf4f8230bc8b803865e) Importer(815301076,1909f56bfc062723c751e8b465ee728b)
Start importing Assets/Materials/Effects/New Material.mat using Guid(0abd4f0b05589bf4f8230bc8b803865e) Importer(815301076,1909f56bfc062723c751e8b465ee728b)  -> (artifact id: '30ad82f450da9221f135b26a3fa86359') in 0.060434 seconds 
========================================================================
Received Import Request.
  Time since last request: 29.596706 seconds.
  path: Assets/Materials/Effects/TrailMaterial.mat
  artifactKey: Guid(0abd4f0b05589bf4f8230bc8b803865e) Importer(815301076,1909f56bfc062723c751e8b465ee728b)
Start importing Assets/Materials/Effects/TrailMaterial.mat using Guid(0abd4f0b05589bf4f8230bc8b803865e) Importer(815301076,1909f56bfc062723c751e8b465ee728b)  -> (artifact id: 'a359f53f99f390e1d49651585fa6bc07') in 0.014262 seconds 
========================================================================
Received Import Request.
  Time since last request: 39.490933 seconds.
  path: Assets/Materials/Effects/TrailMaterial.mat
  artifactKey: Guid(0abd4f0b05589bf4f8230bc8b803865e) Importer(815301076,1909f56bfc062723c751e8b465ee728b)
Start importing Assets/Materials/Effects/TrailMaterial.mat using Guid(0abd4f0b05589bf4f8230bc8b803865e) Importer(815301076,1909f56bfc062723c751e8b465ee728b)  -> (artifact id: '04ea4e6a3f73763b2cf78afce71f8a19') in 0.032322 seconds 
========================================================================
Received Import Request.
  Time since last request: 1115.619832 seconds.
  path: Assets/Shaders/TrailShader.shadergraph
  artifactKey: Guid(9dbff5f094b26f641a40a324ba72751f) Importer(815301076,1909f56bfc062723c751e8b465ee728b)
Start importing Assets/Shaders/TrailShader.shadergraph using Guid(9dbff5f094b26f641a40a324ba72751f) Importer(815301076,1909f56bfc062723c751e8b465ee728b)  -> (artifact id: 'bbe06650a255d0afd83480120756869e') in 0.009212 seconds 
========================================================================
Received Import Request.
  Time since last request: 4066.552170 seconds.
  path: Assets/Textures
  artifactKey: Guid(19452590e5f69824597d10dbc1a04c64) Importer(815301076,1909f56bfc062723c751e8b465ee728b)
Start importing Assets/Textures using Guid(19452590e5f69824597d10dbc1a04c64) Importer(815301076,1909f56bfc062723c751e8b465ee728b)  -> (artifact id: '89c5d6097c5f44455cab77460dbe2d27') in 0.006853 seconds 
========================================================================
Received Import Request.
  Time since last request: 8.797194 seconds.
  path: Assets/Textures/trail_texture_1.png
  artifactKey: Guid(13367ae46a665d343afafebfb6fe6020) Importer(815301076,1909f56bfc062723c751e8b465ee728b)
Start importing Assets/Textures/trail_texture_1.png using Guid(13367ae46a665d343afafebfb6fe6020) Importer(815301076,1909f56bfc062723c751e8b465ee728b)  -> (artifact id: '31fbd50c581d894b6de9ce4701da9f42') in 0.073711 seconds 
========================================================================
Received Prepare
Registering precompiled user dll's ...
Registered in 0.004071 seconds.
Begin MonoManager ReloadAssembly
Symbol file LoadedFromMemory doesn't match image C:\Users\Admin\Tower Defense\Library\PackageCache\com.unity.visualscripting@1.8.0\Editor\VisualScripting.Core\Dependencies\YamlDotNet\Unity.VisualScripting.YamlDotNet.dll
Symbol file LoadedFromMemory doesn't match image C:\Users\Admin\Tower Defense\Library\PackageCache\com.unity.visualscripting@1.8.0\Editor\VisualScripting.Core\Dependencies\DotNetZip\Unity.VisualScripting.IonicZip.dll
Native extension for WindowsStandalone target not found
Native extension for WebGL target not found
Refreshing native plugins compatible for Editor in 0.67 ms, found 3 plugins.
Preloading 0 native plugins for Editor in 0.00 ms.
Mono: successfully reloaded assembly
- Completed reload, in  1.543 seconds
Domain Reload Profiling:
	ReloadAssembly (1545ms)
		BeginReloadAssembly (296ms)
			ExecutionOrderSort (0ms)
			DisableScriptedObjects (10ms)
			BackupInstance (0ms)
			ReleaseScriptingObjects (0ms)
			CreateAndSetChildDomain (110ms)
		EndReloadAssembly (1115ms)
			LoadAssemblies (153ms)
			RebuildTransferFunctionScriptingTraits (0ms)
			SetupTypeCache (382ms)
			ReleaseScriptCaches (2ms)
			RebuildScriptCaches (62ms)
			SetupLoadedEditorAssemblies (498ms)
				LogAssemblyErrors (0ms)
				InitializePlatformSupportModulesInManaged (10ms)
				SetLoadedEditorAssemblies (1ms)
				RefreshPlugins (1ms)
				BeforeProcessingInitializeOnLoad (110ms)
				ProcessInitializeOnLoadAttributes (283ms)
				ProcessInitializeOnLoadMethodAttributes (83ms)
				AfterProcessingInitializeOnLoad (10ms)
				EditorAssembliesLoaded (0ms)
			ExecutionOrderSort2 (0ms)
			AwakeInstancesAfterBackupRestoration (8ms)
Platform modules already initialized, skipping
Refreshing native plugins compatible for Editor in 1.90 ms, found 3 plugins.
Preloading 0 native plugins for Editor in 0.00 ms.
Unloading 4193 Unused Serialized files (Serialized files now loaded: 0)
Unloading 39 unused Assets / (1.9 MB). Loaded Objects now: 4777.
Memory consumption went from 246.4 MB to 244.5 MB.
Total: 5.027000 ms (FindLiveObjects: 1.159800 ms CreateObjectMapping: 0.503400 ms MarkObjects: 2.879000 ms  DeleteObjects: 0.483600 ms)

AssetImportParameters requested are different than current active one (requested -> active):
  custom:video-decoder-ogg-theora: a1e56fd34408186e4bbccfd4996cb3dc -> 
  custom:container-muxer-webm: aa71ff27fc2769a1b78a27578f13a17b -> 
  custom:container-demuxer-webm: 4f35f7cbe854078d1ac9338744f61a02 -> 
  custom:video-encoder-webm-vp8: eb34c28f22e8b96e1ab97ce403110664 -> 
  custom:audio-encoder-webm-vorbis: bf7c407c2cedff20999df2af8eb42d56 -> 
  custom:framework-win-MediaFoundation: 216162199b28c13a410421893ffa2e32 -> 
  custom:container-demuxer-ogg: 62fdf1f143b41e24485cea50d1cbac27 -> 
  custom:video-decoder-webm-vp8: 9c59270c3fd7afecdb556c50c9e8de78 -> 
  custom:audio-decoder-ogg-vorbis: bf7c407c2cedff20999df2af8eb42d56 -> 
========================================================================
Received Import Request.
  Time since last request: 2351.149333 seconds.
  path: Assets/Materials/Effects
  artifactKey: Guid(de8856867d86ff14b9cf5c566ce069ae) Importer(815301076,1909f56bfc062723c751e8b465ee728b)
Start importing Assets/Materials/Effects using Guid(de8856867d86ff14b9cf5c566ce069ae) Importer(815301076,1909f56bfc062723c751e8b465ee728b)  -> (artifact id: 'ca2e3997f626dd28c3e840145965423b') in 0.018819 seconds 
========================================================================
Received Prepare
Registering precompiled user dll's ...
Registered in 0.005662 seconds.
Begin MonoManager ReloadAssembly
Symbol file LoadedFromMemory doesn't match image C:\Users\Admin\Tower Defense\Library\PackageCache\com.unity.visualscripting@1.8.0\Editor\VisualScripting.Core\Dependencies\YamlDotNet\Unity.VisualScripting.YamlDotNet.dll
Symbol file LoadedFromMemory doesn't match image C:\Users\Admin\Tower Defense\Library\PackageCache\com.unity.visualscripting@1.8.0\Editor\VisualScripting.Core\Dependencies\DotNetZip\Unity.VisualScripting.IonicZip.dll
Native extension for WindowsStandalone target not found
Native extension for WebGL target not found
Refreshing native plugins compatible for Editor in 1.24 ms, found 3 plugins.
Preloading 0 native plugins for Editor in 0.00 ms.
Mono: successfully reloaded assembly
- Completed reload, in  1.785 seconds
Domain Reload Profiling:
	ReloadAssembly (1786ms)
		BeginReloadAssembly (221ms)
			ExecutionOrderSort (0ms)
			DisableScriptedObjects (7ms)
			BackupInstance (0ms)
			ReleaseScriptingObjects (0ms)
			CreateAndSetChildDomain (67ms)
		EndReloadAssembly (1436ms)
			LoadAssemblies (157ms)
			RebuildTransferFunctionScriptingTraits (0ms)
			SetupTypeCache (448ms)
			ReleaseScriptCaches (4ms)
			RebuildScriptCaches (99ms)
			SetupLoadedEditorAssemblies (672ms)
				LogAssemblyErrors (0ms)
				InitializePlatformSupportModulesInManaged (13ms)
				SetLoadedEditorAssemblies (1ms)
				RefreshPlugins (1ms)
				BeforeProcessingInitializeOnLoad (137ms)
				ProcessInitializeOnLoadAttributes (426ms)
				ProcessInitializeOnLoadMethodAttributes (83ms)
				AfterProcessingInitializeOnLoad (11ms)
				EditorAssembliesLoaded (0ms)
			ExecutionOrderSort2 (0ms)
			AwakeInstancesAfterBackupRestoration (7ms)
Platform modules already initialized, skipping
Refreshing native plugins compatible for Editor in 3.34 ms, found 3 plugins.
Preloading 0 native plugins for Editor in 0.00 ms.
Unloading 4192 Unused Serialized files (Serialized files now loaded: 0)
Unloading 39 unused Assets / (1.9 MB). Loaded Objects now: 4780.
Memory consumption went from 246.3 MB to 244.4 MB.
Total: 5.818500 ms (FindLiveObjects: 1.109400 ms CreateObjectMapping: 0.513900 ms MarkObjects: 3.568500 ms  DeleteObjects: 0.625600 ms)

AssetImportParameters requested are different than current active one (requested -> active):
  custom:video-decoder-ogg-theora: a1e56fd34408186e4bbccfd4996cb3dc -> 
  custom:container-muxer-webm: aa71ff27fc2769a1b78a27578f13a17b -> 
  custom:container-demuxer-webm: 4f35f7cbe854078d1ac9338744f61a02 -> 
  custom:video-encoder-webm-vp8: eb34c28f22e8b96e1ab97ce403110664 -> 
  custom:audio-encoder-webm-vorbis: bf7c407c2cedff20999df2af8eb42d56 -> 
  custom:framework-win-MediaFoundation: 216162199b28c13a410421893ffa2e32 -> 
  custom:container-demuxer-ogg: 62fdf1f143b41e24485cea50d1cbac27 -> 
  custom:video-decoder-webm-vp8: 9c59270c3fd7afecdb556c50c9e8de78 -> 
  custom:audio-decoder-ogg-vorbis: bf7c407c2cedff20999df2af8eb42d56 -> 
========================================================================
Received Import Request.
  Time since last request: 205.818529 seconds.
  path: Assets/Shaders/TrailShader.shadergraph
  artifactKey: Guid(9dbff5f094b26f641a40a324ba72751f) Importer(815301076,1909f56bfc062723c751e8b465ee728b)
Start importing Assets/Shaders/TrailShader.shadergraph using Guid(9dbff5f094b26f641a40a324ba72751f) Importer(815301076,1909f56bfc062723c751e8b465ee728b)  -> (artifact id: 'e306d3a408628e0ed2776c66cf0cc1a4') in 0.029524 seconds 
========================================================================
Received Import Request.
  Time since last request: 17.751183 seconds.
  path: Assets/Shaders/TrailShader.shadergraph
  artifactKey: Guid(9dbff5f094b26f641a40a324ba72751f) Importer(815301076,1909f56bfc062723c751e8b465ee728b)
Start importing Assets/Shaders/TrailShader.shadergraph using Guid(9dbff5f094b26f641a40a324ba72751f) Importer(815301076,1909f56bfc062723c751e8b465ee728b)  -> (artifact id: '68c180175fdf5cbb571946736d5a2338') in 0.004045 seconds 
========================================================================
Received Import Request.
  Time since last request: 16.369850 seconds.
  path: Assets/Shaders/TrailShader.shadergraph
  artifactKey: Guid(9dbff5f094b26f641a40a324ba72751f) Importer(815301076,1909f56bfc062723c751e8b465ee728b)
Start importing Assets/Shaders/TrailShader.shadergraph using Guid(9dbff5f094b26f641a40a324ba72751f) Importer(815301076,1909f56bfc062723c751e8b465ee728b)  -> (artifact id: '80f866316cd46df6835352b15e53b055') in 0.009282 seconds 
========================================================================
Received Import Request.
  Time since last request: 8.533919 seconds.
  path: Assets/Shaders/TrailShader.shadergraph
  artifactKey: Guid(9dbff5f094b26f641a40a324ba72751f) Importer(815301076,1909f56bfc062723c751e8b465ee728b)
Start importing Assets/Shaders/TrailShader.shadergraph using Guid(9dbff5f094b26f641a40a324ba72751f) Importer(815301076,1909f56bfc062723c751e8b465ee728b)  -> (artifact id: '0754440ed50b95b13a3704b9d05cd9cd') in 0.003599 seconds 
========================================================================
Received Import Request.
  Time since last request: 244.825638 seconds.
  path: Assets/Shaders/TrailShader.shadergraph
  artifactKey: Guid(9dbff5f094b26f641a40a324ba72751f) Importer(815301076,1909f56bfc062723c751e8b465ee728b)
Start importing Assets/Shaders/TrailShader.shadergraph using Guid(9dbff5f094b26f641a40a324ba72751f) Importer(815301076,1909f56bfc062723c751e8b465ee728b)  -> (artifact id: '7640fc1b43b89c67741f61cf47e14ad1') in 0.006835 seconds 
========================================================================
Received Prepare
Registering precompiled user dll's ...
Registered in 0.004333 seconds.
Begin MonoManager ReloadAssembly
Symbol file LoadedFromMemory doesn't match image C:\Users\Admin\Tower Defense\Library\PackageCache\com.unity.visualscripting@1.8.0\Editor\VisualScripting.Core\Dependencies\YamlDotNet\Unity.VisualScripting.YamlDotNet.dll
Symbol file LoadedFromMemory doesn't match image C:\Users\Admin\Tower Defense\Library\PackageCache\com.unity.visualscripting@1.8.0\Editor\VisualScripting.Core\Dependencies\DotNetZip\Unity.VisualScripting.IonicZip.dll
Native extension for WindowsStandalone target not found
Native extension for WebGL target not found
Refreshing native plugins compatible for Editor in 1.03 ms, found 3 plugins.
Preloading 0 native plugins for Editor in 0.00 ms.
Mono: successfully reloaded assembly
- Completed reload, in  1.281 seconds
Domain Reload Profiling:
	ReloadAssembly (1281ms)
		BeginReloadAssembly (192ms)
			ExecutionOrderSort (0ms)
			DisableScriptedObjects (9ms)
			BackupInstance (0ms)
			ReleaseScriptingObjects (0ms)
			CreateAndSetChildDomain (48ms)
		EndReloadAssembly (989ms)
			LoadAssemblies (125ms)
			RebuildTransferFunctionScriptingTraits (0ms)
			SetupTypeCache (331ms)
			ReleaseScriptCaches (2ms)
			RebuildScriptCaches (51ms)
			SetupLoadedEditorAssemblies (462ms)
				LogAssemblyErrors (0ms)
				InitializePlatformSupportModulesInManaged (11ms)
				SetLoadedEditorAssemblies (1ms)
				RefreshPlugins (1ms)
				BeforeProcessingInitializeOnLoad (105ms)
				ProcessInitializeOnLoadAttributes (253ms)
				ProcessInitializeOnLoadMethodAttributes (82ms)
				AfterProcessingInitializeOnLoad (9ms)
				EditorAssembliesLoaded (0ms)
			ExecutionOrderSort2 (0ms)
			AwakeInstancesAfterBackupRestoration (7ms)
Platform modules already initialized, skipping
Refreshing native plugins compatible for Editor in 3.00 ms, found 3 plugins.
Preloading 0 native plugins for Editor in 0.00 ms.
Unloading 4192 Unused Serialized files (Serialized files now loaded: 0)
Unloading 39 unused Assets / (1.9 MB). Loaded Objects now: 4783.
Memory consumption went from 246.4 MB to 244.4 MB.
Total: 4.588500 ms (FindLiveObjects: 0.371300 ms CreateObjectMapping: 0.360100 ms MarkObjects: 3.352700 ms  DeleteObjects: 0.503100 ms)

AssetImportParameters requested are different than current active one (requested -> active):
  custom:video-decoder-ogg-theora: a1e56fd34408186e4bbccfd4996cb3dc -> 
  custom:container-muxer-webm: aa71ff27fc2769a1b78a27578f13a17b -> 
  custom:container-demuxer-webm: 4f35f7cbe854078d1ac9338744f61a02 -> 
  custom:video-encoder-webm-vp8: eb34c28f22e8b96e1ab97ce403110664 -> 
  custom:audio-encoder-webm-vorbis: bf7c407c2cedff20999df2af8eb42d56 -> 
  custom:framework-win-MediaFoundation: 216162199b28c13a410421893ffa2e32 -> 
  custom:container-demuxer-ogg: 62fdf1f143b41e24485cea50d1cbac27 -> 
  custom:video-decoder-webm-vp8: 9c59270c3fd7afecdb556c50c9e8de78 -> 
  custom:audio-decoder-ogg-vorbis: bf7c407c2cedff20999df2af8eb42d56 -> 
========================================================================
Received Import Request.
  Time since last request: 86.148658 seconds.
  path: Assets/Shaders/TrailShader.shadergraph
  artifactKey: Guid(9dbff5f094b26f641a40a324ba72751f) Importer(815301076,1909f56bfc062723c751e8b465ee728b)
Start importing Assets/Shaders/TrailShader.shadergraph using Guid(9dbff5f094b26f641a40a324ba72751f) Importer(815301076,1909f56bfc062723c751e8b465ee728b)  -> (artifact id: '3c729b8ed81883ef0766c66920198786') in 0.021441 seconds 
========================================================================
Received Import Request.
  Time since last request: 282.871986 seconds.
  path: Assets/Shaders/TrailShader.shadergraph
  artifactKey: Guid(9dbff5f094b26f641a40a324ba72751f) Importer(815301076,1909f56bfc062723c751e8b465ee728b)
Start importing Assets/Shaders/TrailShader.shadergraph using Guid(9dbff5f094b26f641a40a324ba72751f) Importer(815301076,1909f56bfc062723c751e8b465ee728b)  -> (artifact id: '56411afc90d8d6143378f5c85e9edeb8') in 0.004661 seconds 
========================================================================
Received Import Request.
  Time since last request: 34.460734 seconds.
  path: Assets/Shaders/TrailShader.shadergraph
  artifactKey: Guid(9dbff5f094b26f641a40a324ba72751f) Importer(815301076,1909f56bfc062723c751e8b465ee728b)
Start importing Assets/Shaders/TrailShader.shadergraph using Guid(9dbff5f094b26f641a40a324ba72751f) Importer(815301076,1909f56bfc062723c751e8b465ee728b)  -> (artifact id: '9d36dfda10f6a4f5050ef15bebb51043') in 0.003486 seconds 
========================================================================
Received Prepare
Registering precompiled user dll's ...
Registered in 0.004971 seconds.
Begin MonoManager ReloadAssembly
Symbol file LoadedFromMemory doesn't match image C:\Users\Admin\Tower Defense\Library\PackageCache\com.unity.visualscripting@1.8.0\Editor\VisualScripting.Core\Dependencies\YamlDotNet\Unity.VisualScripting.YamlDotNet.dll
Symbol file LoadedFromMemory doesn't match image C:\Users\Admin\Tower Defense\Library\PackageCache\com.unity.visualscripting@1.8.0\Editor\VisualScripting.Core\Dependencies\DotNetZip\Unity.VisualScripting.IonicZip.dll
Native extension for WindowsStandalone target not found
Native extension for WebGL target not found
Refreshing native plugins compatible for Editor in 0.76 ms, found 3 plugins.
Preloading 0 native plugins for Editor in 0.00 ms.
Mono: successfully reloaded assembly
- Completed reload, in  1.375 seconds
Domain Reload Profiling:
	ReloadAssembly (1377ms)
		BeginReloadAssembly (168ms)
			ExecutionOrderSort (0ms)
			DisableScriptedObjects (9ms)
			BackupInstance (0ms)
			ReleaseScriptingObjects (0ms)
			CreateAndSetChildDomain (42ms)
		EndReloadAssembly (1096ms)
			LoadAssemblies (112ms)
			RebuildTransferFunctionScriptingTraits (0ms)
			SetupTypeCache (336ms)
			ReleaseScriptCaches (2ms)
			RebuildScriptCaches (67ms)
			SetupLoadedEditorAssemblies (524ms)
				LogAssemblyErrors (0ms)
				InitializePlatformSupportModulesInManaged (9ms)
				SetLoadedEditorAssemblies (1ms)
				RefreshPlugins (1ms)
				BeforeProcessingInitializeOnLoad (122ms)
				ProcessInitializeOnLoadAttributes (299ms)
				ProcessInitializeOnLoadMethodAttributes (83ms)
				AfterProcessingInitializeOnLoad (9ms)
				EditorAssembliesLoaded (0ms)
			ExecutionOrderSort2 (0ms)
			AwakeInstancesAfterBackupRestoration (7ms)
Platform modules already initialized, skipping
Refreshing native plugins compatible for Editor in 2.59 ms, found 3 plugins.
Preloading 0 native plugins for Editor in 0.00 ms.
Unloading 4192 Unused Serialized files (Serialized files now loaded: 0)
Unloading 39 unused Assets / (1.9 MB). Loaded Objects now: 4786.
Memory consumption went from 246.3 MB to 244.4 MB.
Total: 4.154400 ms (FindLiveObjects: 0.409000 ms CreateObjectMapping: 0.297700 ms MarkObjects: 2.951100 ms  DeleteObjects: 0.495500 ms)

AssetImportParameters requested are different than current active one (requested -> active):
  custom:video-decoder-ogg-theora: a1e56fd34408186e4bbccfd4996cb3dc -> 
  custom:container-muxer-webm: aa71ff27fc2769a1b78a27578f13a17b -> 
  custom:container-demuxer-webm: 4f35f7cbe854078d1ac9338744f61a02 -> 
  custom:video-encoder-webm-vp8: eb34c28f22e8b96e1ab97ce403110664 -> 
  custom:audio-encoder-webm-vorbis: bf7c407c2cedff20999df2af8eb42d56 -> 
  custom:framework-win-MediaFoundation: 216162199b28c13a410421893ffa2e32 -> 
  custom:container-demuxer-ogg: 62fdf1f143b41e24485cea50d1cbac27 -> 
  custom:video-decoder-webm-vp8: 9c59270c3fd7afecdb556c50c9e8de78 -> 
  custom:audio-decoder-ogg-vorbis: bf7c407c2cedff20999df2af8eb42d56 -> 
